# JRE version: Java(TM) SE Runtime Environment (7.0_76-b13) (build 1.7.0_76-b13)
# Java VM: Java HotSpot(TM) 64-Bit Server VM (24.76-b04 mixed mode windows-amd64 compressed oops)
Heap
 PSYoungGen      total 279040K, used 209691K [0x00000000eaa80000, 0x00000000ffc00000, 0x0000000100000000)
  eden space 216576K, 94% used [0x00000000eaa80000,0x00000000f7256e48,0x00000000f7e00000)
  from space 62464K, 8% used [0x00000000fbf00000,0x00000000fc3f0130,0x00000000ffc00000)
  to   space 64512K, 0% used [0x00000000f7e00000,0x00000000f7e00000,0x00000000fbd00000)
 ParOldGen       total 685568K, used 444070K [0x00000000c0000000, 0x00000000e9d80000, 0x00000000eaa80000)
  object space 685568K, 64% used [0x00000000c0000000,0x00000000db1a9a30,0x00000000e9d80000)
 PSPermGen       total 147456K, used 81167K [0x00000000b0000000, 0x00000000b9000000, 0x00000000c0000000)
  object space 147456K, 55% used [0x00000000b0000000,0x00000000b4f43d30,0x00000000b9000000)
GC Heap History (10 events):
Event: 321.431 GC heap before
{Heap before GC invocations=79 (full 4):
 PSYoungGen      total 254464K, used 254464K [0x00000000eaa80000, 0x0000000100000000, 0x0000000100000000)
  eden space 210432K, 100% used [0x00000000eaa80000,0x00000000f7800000,0x00000000f7800000)
  from space 44032K, 100% used [0x00000000fd500000,0x0000000100000000,0x0000000100000000)
  to   space 69632K, 0% used [0x00000000f7800000,0x00000000f7800000,0x00000000fbc00000)
 ParOldGen       total 528384K, used 441915K [0x00000000c0000000, 0x00000000e0400000, 0x00000000eaa80000)
  object space 528384K, 83% used [0x00000000c0000000,0x00000000daf8eef0,0x00000000e0400000)
 PSPermGen       total 150528K, used 80639K [0x00000000b0000000, 0x00000000b9300000, 0x00000000c0000000)
  object space 150528K, 53% used [0x00000000b0000000,0x00000000b4ebfda8,0x00000000b9300000)
Event: 321.548 GC heap after
Heap after GC invocations=79 (full 4):
 PSYoungGen      total 280064K, used 7456K [0x00000000eaa80000, 0x0000000100000000, 0x0000000100000000)
  eden space 210432K, 0% used [0x00000000eaa80000,0x00000000eaa80000,0x00000000f7800000)
  from space 69632K, 10% used [0x00000000f7800000,0x00000000f7f48010,0x00000000fbc00000)
  to   space 68096K, 0% used [0x00000000fbd80000,0x00000000fbd80000,0x0000000100000000)
 ParOldGen       total 528384K, used 486051K [0x00000000c0000000, 0x00000000e0400000, 0x00000000eaa80000)
  object space 528384K, 91% used [0x00000000c0000000,0x00000000ddaa8ef0,0x00000000e0400000)
 PSPermGen       total 150528K, used 80639K [0x00000000b0000000, 0x00000000b9300000, 0x00000000c0000000)
  object space 150528K, 53% used [0x00000000b0000000,0x00000000b4ebfda8,0x00000000b9300000)
}
Event: 321.548 GC heap before
{Heap before GC invocations=80 (full 5):
 PSYoungGen      total 280064K, used 7456K [0x00000000eaa80000, 0x0000000100000000, 0x0000000100000000)
  eden space 210432K, 0% used [0x00000000eaa80000,0x00000000eaa80000,0x00000000f7800000)
  from space 69632K, 10% used [0x00000000f7800000,0x00000000f7f48010,0x00000000fbc00000)
  to   space 68096K, 0% used [0x00000000fbd80000,0x00000000fbd80000,0x0000000100000000)
 ParOldGen       total 528384K, used 486051K [0x00000000c0000000, 0x00000000e0400000, 0x00000000eaa80000)
  object space 528384K, 91% used [0x00000000c0000000,0x00000000ddaa8ef0,0x00000000e0400000)
 PSPermGen       total 150528K, used 80639K [0x00000000b0000000, 0x00000000b9300000, 0x00000000c0000000)
  object space 150528K, 53% used [0x00000000b0000000,0x00000000b4ebfda8,0x00000000b9300000)
Event: 324.623 GC heap after
Heap after GC invocations=80 (full 5):
 PSYoungGen      total 280064K, used 0K [0x00000000eaa80000, 0x0000000100000000, 0x0000000100000000)
  eden space 210432K, 0% used [0x00000000eaa80000,0x00000000eaa80000,0x00000000f7800000)
  from space 69632K, 0% used [0x00000000f7800000,0x00000000f7800000,0x00000000fbc00000)
  to   space 68096K, 0% used [0x00000000fbd80000,0x00000000fbd80000,0x0000000100000000)
 ParOldGen       total 685568K, used 412510K [0x00000000c0000000, 0x00000000e9d80000, 0x00000000eaa80000)
  object space 685568K, 60% used [0x00000000c0000000,0x00000000d92d78e8,0x00000000e9d80000)
 PSPermGen       total 147456K, used 80634K [0x00000000b0000000, 0x00000000b9000000, 0x00000000c0000000)
  object space 147456K, 54% used [0x00000000b0000000,0x00000000b4ebea08,0x00000000b9000000)
}
Event: 325.845 GC heap before
{Heap before GC invocations=81 (full 5):
 PSYoungGen      total 280064K, used 210432K [0x00000000eaa80000, 0x0000000100000000, 0x0000000100000000)
  eden space 210432K, 100% used [0x00000000eaa80000,0x00000000f7800000,0x00000000f7800000)
  from space 69632K, 0% used [0x00000000f7800000,0x00000000f7800000,0x00000000fbc00000)
  to   space 68096K, 0% used [0x00000000fbd80000,0x00000000fbd80000,0x0000000100000000)
 ParOldGen       total 685568K, used 412510K [0x00000000c0000000, 0x00000000e9d80000, 0x00000000eaa80000)
  object space 685568K, 60% used [0x00000000c0000000,0x00000000d92d78e8,0x00000000e9d80000)
 PSPermGen       total 147456K, used 80673K [0x00000000b0000000, 0x00000000b9000000, 0x00000000c0000000)
  object space 147456K, 54% used [0x00000000b0000000,0x00000000b4ec87c0,0x00000000b9000000)
Event: 325.915 GC heap after
Heap after GC invocations=81 (full 5):
 PSYoungGen      total 275456K, used 31124K [0x00000000eaa80000, 0x00000000ffb80000, 0x0000000100000000)
  eden space 211968K, 0% used [0x00000000eaa80000,0x00000000eaa80000,0x00000000f7980000)
  from space 63488K, 49% used [0x00000000fbd80000,0x00000000fdbe5048,0x00000000ffb80000)
  to   space 66560K, 0% used [0x00000000f7980000,0x00000000f7980000,0x00000000fba80000)
 ParOldGen       total 685568K, used 412510K [0x00000000c0000000, 0x00000000e9d80000, 0x00000000eaa80000)
  object space 685568K, 60% used [0x00000000c0000000,0x00000000d92d78e8,0x00000000e9d80000)
 PSPermGen       total 147456K, used 80673K [0x00000000b0000000, 0x00000000b9000000, 0x00000000c0000000)
  object space 147456K, 54% used [0x00000000b0000000,0x00000000b4ec87c0,0x00000000b9000000)
}
Event: 327.080 GC heap before
{Heap before GC invocations=82 (full 5):
 PSYoungGen      total 275456K, used 243092K [0x00000000eaa80000, 0x00000000ffb80000, 0x0000000100000000)
  eden space 211968K, 100% used [0x00000000eaa80000,0x00000000f7980000,0x00000000f7980000)
  from space 63488K, 49% used [0x00000000fbd80000,0x00000000fdbe5048,0x00000000ffb80000)
  to   space 66560K, 0% used [0x00000000f7980000,0x00000000f7980000,0x00000000fba80000)
 ParOldGen       total 685568K, used 412510K [0x00000000c0000000, 0x00000000e9d80000, 0x00000000eaa80000)
  object space 685568K, 60% used [0x00000000c0000000,0x00000000d92d78e8,0x00000000e9d80000)
 PSPermGen       total 147456K, used 80723K [0x00000000b0000000, 0x00000000b9000000, 0x00000000c0000000)
  object space 147456K, 54% used [0x00000000b0000000,0x00000000b4ed4d10,0x00000000b9000000)
Event: 327.135 GC heap after
Heap after GC invocations=82 (full 5):
 PSYoungGen      total 278528K, used 704K [0x00000000eaa80000, 0x0000000100000000, 0x0000000100000000)
  eden space 211968K, 0% used [0x00000000eaa80000,0x00000000eaa80000,0x00000000f7980000)
  from space 66560K, 1% used [0x00000000f7980000,0x00000000f7a30010,0x00000000fba80000)
  to   space 66560K, 0% used [0x00000000fbf00000,0x00000000fbf00000,0x0000000100000000)
 ParOldGen       total 685568K, used 443694K [0x00000000c0000000, 0x00000000e9d80000, 0x00000000eaa80000)
  object space 685568K, 64% used [0x00000000c0000000,0x00000000db14ba20,0x00000000e9d80000)
 PSPermGen       total 147456K, used 80723K [0x00000000b0000000, 0x00000000b9000000, 0x00000000c0000000)
  object space 147456K, 54% used [0x00000000b0000000,0x00000000b4ed4d10,0x00000000b9000000)
}
Event: 329.370 GC heap before
{Heap before GC invocations=83 (full 5):
 PSYoungGen      total 278528K, used 212672K [0x00000000eaa80000, 0x0000000100000000, 0x0000000100000000)
  eden space 211968K, 100% used [0x00000000eaa80000,0x00000000f7980000,0x00000000f7980000)
  from space 66560K, 1% used [0x00000000f7980000,0x00000000f7a30010,0x00000000fba80000)
  to   space 66560K, 0% used [0x00000000fbf00000,0x00000000fbf00000,0x0000000100000000)
 ParOldGen       total 685568K, used 443694K [0x00000000c0000000, 0x00000000e9d80000, 0x00000000eaa80000)
  object space 685568K, 64% used [0x00000000c0000000,0x00000000db14ba20,0x00000000e9d80000)
 PSPermGen       total 147456K, used 81024K [0x00000000b0000000, 0x00000000b9000000, 0x00000000c0000000)
  object space 147456K, 54% used [0x00000000b0000000,0x00000000b4f20130,0x00000000b9000000)
Event: 329.381 GC heap after
Heap after GC invocations=83 (full 5):
 PSYoungGen      total 279040K, used 5056K [0x00000000eaa80000, 0x00000000ffc00000, 0x0000000100000000)
  eden space 216576K, 0% used [0x00000000eaa80000,0x00000000eaa80000,0x00000000f7e00000)
  from space 62464K, 8% used [0x00000000fbf00000,0x00000000fc3f0130,0x00000000ffc00000)
  to   space 64512K, 0% used [0x00000000f7e00000,0x00000000f7e00000,0x00000000fbd00000)
 ParOldGen       total 685568K, used 444070K [0x00000000c0000000, 0x00000000e9d80000, 0x00000000eaa80000)
  object space 685568K, 64% used [0x00000000c0000000,0x00000000db1a9a30,0x00000000e9d80000)
 PSPermGen       total 147456K, used 81024K [0x00000000b0000000, 0x00000000b9000000, 0x00000000c0000000)
  object space 147456K, 54% used [0x00000000b0000000,0x00000000b4f20130,0x00000000b9000000)
}

